{"/Users/nasiimamohamed/auguste/coursework/week_6/server-lap2/server-momentum/server.js": {"path":"/Users/nasiimamohamed/auguste/coursework/week_6/server-lap2/server-momentum/server.js","statementMap":{"0":{"start":{"line":1,"column":16},"end":{"line":1,"column":34}},"1":{"start":{"line":2,"column":15},"end":{"line":2,"column":32}},"2":{"start":{"line":3,"column":15},"end":{"line":3,"column":32}},"3":{"start":{"line":4,"column":18},"end":{"line":4,"column":40}},"4":{"start":{"line":5,"column":13},"end":{"line":5,"column":28}},"5":{"start":{"line":7,"column":12},"end":{"line":7,"column":21}},"6":{"start":{"line":8,"column":0},"end":{"line":8,"column":19}},"7":{"start":{"line":11,"column":0},"end":{"line":11,"column":24}},"8":{"start":{"line":13,"column":0},"end":{"line":13,"column":60}},"9":{"start":{"line":13,"column":27},"end":{"line":13,"column":58}},"10":{"start":{"line":18,"column":0},"end":{"line":18,"column":47}},"11":{"start":{"line":21,"column":0},"end":{"line":21,"column":12}},"12":{"start":{"line":24,"column":19},"end":{"line":24,"column":43}},"13":{"start":{"line":25,"column":0},"end":{"line":25,"column":29}},"14":{"start":{"line":26,"column":21},"end":{"line":26,"column":47}},"15":{"start":{"line":27,"column":0},"end":{"line":27,"column":33}},"16":{"start":{"line":29,"column":0},"end":{"line":32,"column":3}},"17":{"start":{"line":29,"column":38},"end":{"line":32,"column":2}},"18":{"start":{"line":30,"column":15},"end":{"line":30,"column":19}},"19":{"start":{"line":31,"column":2},"end":{"line":31,"column":87}},"20":{"start":{"line":35,"column":0},"end":{"line":39,"column":3}},"21":{"start":{"line":36,"column":2},"end":{"line":36,"column":57}},"22":{"start":{"line":38,"column":2},"end":{"line":38,"column":38}},"23":{"start":{"line":38,"column":21},"end":{"line":38,"column":36}},"24":{"start":{"line":42,"column":0},"end":{"line":42,"column":20}}},"fnMap":{"0":{"name":"(anonymous_0)","decl":{"start":{"line":13,"column":13},"end":{"line":13,"column":14}},"loc":{"start":{"line":13,"column":27},"end":{"line":13,"column":58}},"line":13},"1":{"name":"(anonymous_1)","decl":{"start":{"line":29,"column":75},"end":{"line":29,"column":76}},"loc":{"start":{"line":29,"column":81},"end":{"line":32,"column":1}},"line":29},"2":{"name":"(anonymous_2)","decl":{"start":{"line":35,"column":35},"end":{"line":35,"column":36}},"loc":{"start":{"line":35,"column":53},"end":{"line":39,"column":1}},"line":35},"3":{"name":"(anonymous_3)","decl":{"start":{"line":38,"column":15},"end":{"line":38,"column":16}},"loc":{"start":{"line":38,"column":21},"end":{"line":38,"column":36}},"line":38}},"branchMap":{"0":{"loc":{"start":{"line":29,"column":0},"end":{"line":32,"column":3}},"type":"if","locations":[{"start":{"line":29,"column":0},"end":{"line":32,"column":3}},{"start":{},"end":{}}],"line":29},"1":{"loc":{"start":{"line":29,"column":49},"end":{"line":29,"column":73}},"type":"binary-expr","locations":[{"start":{"line":29,"column":49},"end":{"line":29,"column":65}},{"start":{"line":29,"column":69},"end":{"line":29,"column":73}}],"line":29}},"s":{"0":3,"1":3,"2":3,"3":3,"4":3,"5":3,"6":3,"7":3,"8":3,"9":0,"10":3,"11":3,"12":3,"13":3,"14":3,"15":3,"16":3,"17":0,"18":0,"19":0,"20":3,"21":0,"22":0,"23":0,"24":3},"f":{"0":0,"1":0,"2":0,"3":0},"b":{"0":[0,3],"1":[0,0]},"_coverageSchema":"1a1c01bbd47fc00a2c39e90264f33305004495a9","hash":"077dab8e8b3ff711b25545834605bebb6e961166"}
,"/Users/nasiimamohamed/auguste/coursework/week_6/server-lap2/server-momentum/config/db.js": {"path":"/Users/nasiimamohamed/auguste/coursework/week_6/server-lap2/server-momentum/config/db.js","statementMap":{"0":{"start":{"line":1,"column":17},"end":{"line":1,"column":36}},"1":{"start":{"line":3,"column":18},"end":{"line":12,"column":1}},"2":{"start":{"line":4,"column":15},"end":{"line":9,"column":4}},"3":{"start":{"line":11,"column":2},"end":{"line":11,"column":79}},"4":{"start":{"line":14,"column":0},"end":{"line":14,"column":27}}},"fnMap":{"0":{"name":"(anonymous_0)","decl":{"start":{"line":3,"column":18},"end":{"line":3,"column":19}},"loc":{"start":{"line":3,"column":30},"end":{"line":12,"column":1}},"line":3}},"branchMap":{},"s":{"0":3,"1":3,"2":3,"3":0,"4":3},"f":{"0":3},"b":{},"_coverageSchema":"1a1c01bbd47fc00a2c39e90264f33305004495a9","hash":"a3325d43efc657503bdcfa0b1ef5b564adf12c5b"}
,"/Users/nasiimamohamed/auguste/coursework/week_6/server-lap2/server-momentum/controllers/auth.js": {"path":"/Users/nasiimamohamed/auguste/coursework/week_6/server-lap2/server-momentum/controllers/auth.js","statementMap":{"0":{"start":{"line":1,"column":15},"end":{"line":1,"column":34}},"1":{"start":{"line":2,"column":13},"end":{"line":2,"column":38}},"2":{"start":{"line":3,"column":15},"end":{"line":3,"column":42}},"3":{"start":{"line":6,"column":2},"end":{"line":6,"column":28}},"4":{"start":{"line":7,"column":2},"end":{"line":7,"column":26}},"5":{"start":{"line":15,"column":2},"end":{"line":35,"column":3}},"6":{"start":{"line":16,"column":20},"end":{"line":21,"column":5}},"7":{"start":{"line":23,"column":4},"end":{"line":32,"column":5}},"8":{"start":{"line":24,"column":19},"end":{"line":24,"column":41}},"9":{"start":{"line":25,"column":21},"end":{"line":25,"column":63}},"10":{"start":{"line":26,"column":6},"end":{"line":26,"column":29}},"11":{"start":{"line":27,"column":17},"end":{"line":27,"column":46}},"12":{"start":{"line":29,"column":6},"end":{"line":29,"column":33}},"13":{"start":{"line":31,"column":6},"end":{"line":31,"column":50}},"14":{"start":{"line":34,"column":4},"end":{"line":34,"column":34}},"15":{"start":{"line":39,"column":2},"end":{"line":54,"column":3}},"16":{"start":{"line":41,"column":15},"end":{"line":41,"column":66}},"17":{"start":{"line":42,"column":4},"end":{"line":44,"column":5}},"18":{"start":{"line":43,"column":6},"end":{"line":43,"column":48}},"19":{"start":{"line":45,"column":19},"end":{"line":45,"column":73}},"20":{"start":{"line":47,"column":4},"end":{"line":51,"column":5}},"21":{"start":{"line":48,"column":6},"end":{"line":48,"column":42}},"22":{"start":{"line":50,"column":6},"end":{"line":50,"column":57}},"23":{"start":{"line":53,"column":4},"end":{"line":53,"column":34}},"24":{"start":{"line":58,"column":2},"end":{"line":61,"column":5}},"25":{"start":{"line":65,"column":2},"end":{"line":109,"column":5}},"26":{"start":{"line":113,"column":19},"end":{"line":113,"column":36}},"27":{"start":{"line":114,"column":2},"end":{"line":114,"column":21}},"28":{"start":{"line":117,"column":0},"end":{"line":117,"column":50}}},"fnMap":{"0":{"name":"deleteAll","decl":{"start":{"line":5,"column":15},"end":{"line":5,"column":24}},"loc":{"start":{"line":5,"column":27},"end":{"line":8,"column":1}},"line":5},"1":{"name":"register","decl":{"start":{"line":14,"column":15},"end":{"line":14,"column":23}},"loc":{"start":{"line":14,"column":34},"end":{"line":36,"column":1}},"line":14},"2":{"name":"login","decl":{"start":{"line":38,"column":15},"end":{"line":38,"column":20}},"loc":{"start":{"line":38,"column":31},"end":{"line":55,"column":1}},"line":38},"3":{"name":"userCreator","decl":{"start":{"line":57,"column":15},"end":{"line":57,"column":26}},"loc":{"start":{"line":57,"column":39},"end":{"line":62,"column":1}},"line":57},"4":{"name":"habitCreator","decl":{"start":{"line":64,"column":15},"end":{"line":64,"column":27}},"loc":{"start":{"line":64,"column":34},"end":{"line":110,"column":1}},"line":64},"5":{"name":"getAllUsers","decl":{"start":{"line":112,"column":15},"end":{"line":112,"column":26}},"loc":{"start":{"line":112,"column":37},"end":{"line":115,"column":1}},"line":112}},"branchMap":{"0":{"loc":{"start":{"line":23,"column":4},"end":{"line":32,"column":5}},"type":"if","locations":[{"start":{"line":23,"column":4},"end":{"line":32,"column":5}},{"start":{"line":30,"column":11},"end":{"line":32,"column":5}}],"line":23},"1":{"loc":{"start":{"line":42,"column":4},"end":{"line":44,"column":5}},"type":"if","locations":[{"start":{"line":42,"column":4},"end":{"line":44,"column":5}},{"start":{},"end":{}}],"line":42},"2":{"loc":{"start":{"line":47,"column":4},"end":{"line":51,"column":5}},"type":"if","locations":[{"start":{"line":47,"column":4},"end":{"line":51,"column":5}},{"start":{"line":49,"column":11},"end":{"line":51,"column":5}}],"line":47}},"s":{"0":3,"1":3,"2":3,"3":0,"4":0,"5":0,"6":0,"7":0,"8":0,"9":0,"10":0,"11":0,"12":0,"13":0,"14":0,"15":0,"16":0,"17":0,"18":0,"19":0,"20":0,"21":0,"22":0,"23":0,"24":0,"25":0,"26":0,"27":0,"28":3},"f":{"0":0,"1":0,"2":0,"3":0,"4":0,"5":0},"b":{"0":[0,0],"1":[0,0],"2":[0,0]},"_coverageSchema":"1a1c01bbd47fc00a2c39e90264f33305004495a9","hash":"81c1fd8494eceea355fc83b5980502885fba8247"}
,"/Users/nasiimamohamed/auguste/coursework/week_6/server-lap2/server-momentum/controllers/habits.js": {"path":"/Users/nasiimamohamed/auguste/coursework/week_6/server-lap2/server-momentum/controllers/habits.js","statementMap":{"0":{"start":{"line":1,"column":15},"end":{"line":1,"column":42}},"1":{"start":{"line":6,"column":0},"end":{"line":14,"column":2}},"2":{"start":{"line":7,"column":2},"end":{"line":13,"column":3}},"3":{"start":{"line":8,"column":23},"end":{"line":8,"column":69}},"4":{"start":{"line":10,"column":4},"end":{"line":10,"column":37}},"5":{"start":{"line":12,"column":4},"end":{"line":12,"column":45}},"6":{"start":{"line":19,"column":0},"end":{"line":29,"column":2}},"7":{"start":{"line":20,"column":2},"end":{"line":28,"column":3}},"8":{"start":{"line":21,"column":18},"end":{"line":21,"column":47}},"9":{"start":{"line":23,"column":4},"end":{"line":25,"column":7}},"10":{"start":{"line":27,"column":4},"end":{"line":27,"column":45}},"11":{"start":{"line":33,"column":0},"end":{"line":59,"column":2}},"12":{"start":{"line":34,"column":2},"end":{"line":58,"column":3}},"13":{"start":{"line":36,"column":4},"end":{"line":55,"column":5}},"14":{"start":{"line":37,"column":23},"end":{"line":37,"column":25}},"15":{"start":{"line":38,"column":6},"end":{"line":38,"column":59}},"16":{"start":{"line":40,"column":6},"end":{"line":40,"column":77}},"17":{"start":{"line":42,"column":6},"end":{"line":42,"column":51}},"18":{"start":{"line":46,"column":9},"end":{"line":55,"column":5}},"19":{"start":{"line":47,"column":23},"end":{"line":47,"column":25}},"20":{"start":{"line":48,"column":6},"end":{"line":48,"column":56}},"21":{"start":{"line":49,"column":29},"end":{"line":53,"column":7}},"22":{"start":{"line":54,"column":6},"end":{"line":54,"column":45}},"23":{"start":{"line":57,"column":4},"end":{"line":57,"column":45}},"24":{"start":{"line":61,"column":0},"end":{"line":76,"column":2}},"25":{"start":{"line":62,"column":2},"end":{"line":75,"column":3}},"26":{"start":{"line":63,"column":21},"end":{"line":63,"column":23}},"27":{"start":{"line":64,"column":22},"end":{"line":64,"column":24}},"28":{"start":{"line":65,"column":4},"end":{"line":65,"column":58}},"29":{"start":{"line":66,"column":4},"end":{"line":66,"column":58}},"30":{"start":{"line":67,"column":27},"end":{"line":71,"column":5}},"31":{"start":{"line":72,"column":4},"end":{"line":72,"column":43}},"32":{"start":{"line":74,"column":4},"end":{"line":74,"column":45}},"33":{"start":{"line":80,"column":0},"end":{"line":90,"column":2}},"34":{"start":{"line":81,"column":2},"end":{"line":89,"column":3}},"35":{"start":{"line":82,"column":18},"end":{"line":82,"column":63}},"36":{"start":{"line":83,"column":4},"end":{"line":85,"column":5}},"37":{"start":{"line":84,"column":6},"end":{"line":84,"column":53}},"38":{"start":{"line":86,"column":4},"end":{"line":86,"column":56}},"39":{"start":{"line":88,"column":4},"end":{"line":88,"column":45}}},"fnMap":{"0":{"name":"(anonymous_0)","decl":{"start":{"line":6,"column":19},"end":{"line":6,"column":20}},"loc":{"start":{"line":6,"column":45},"end":{"line":14,"column":1}},"line":6},"1":{"name":"(anonymous_1)","decl":{"start":{"line":19,"column":22},"end":{"line":19,"column":23}},"loc":{"start":{"line":19,"column":48},"end":{"line":29,"column":1}},"line":19},"2":{"name":"(anonymous_2)","decl":{"start":{"line":33,"column":22},"end":{"line":33,"column":23}},"loc":{"start":{"line":33,"column":48},"end":{"line":59,"column":1}},"line":33},"3":{"name":"(anonymous_3)","decl":{"start":{"line":61,"column":23},"end":{"line":61,"column":24}},"loc":{"start":{"line":61,"column":49},"end":{"line":76,"column":1}},"line":61},"4":{"name":"(anonymous_4)","decl":{"start":{"line":80,"column":22},"end":{"line":80,"column":23}},"loc":{"start":{"line":80,"column":48},"end":{"line":90,"column":1}},"line":80}},"branchMap":{"0":{"loc":{"start":{"line":36,"column":4},"end":{"line":55,"column":5}},"type":"if","locations":[{"start":{"line":36,"column":4},"end":{"line":55,"column":5}},{"start":{"line":46,"column":9},"end":{"line":55,"column":5}}],"line":36},"1":{"loc":{"start":{"line":46,"column":9},"end":{"line":55,"column":5}},"type":"if","locations":[{"start":{"line":46,"column":9},"end":{"line":55,"column":5}},{"start":{},"end":{}}],"line":46},"2":{"loc":{"start":{"line":83,"column":4},"end":{"line":85,"column":5}},"type":"if","locations":[{"start":{"line":83,"column":4},"end":{"line":85,"column":5}},{"start":{},"end":{}}],"line":83}},"s":{"0":4,"1":4,"2":0,"3":0,"4":0,"5":0,"6":4,"7":0,"8":0,"9":0,"10":0,"11":4,"12":0,"13":0,"14":0,"15":0,"16":0,"17":0,"18":0,"19":0,"20":0,"21":0,"22":0,"23":0,"24":4,"25":0,"26":0,"27":0,"28":0,"29":0,"30":0,"31":0,"32":0,"33":4,"34":0,"35":0,"36":0,"37":0,"38":0,"39":0},"f":{"0":0,"1":0,"2":0,"3":0,"4":0},"b":{"0":[0,0],"1":[0,0],"2":[0,0]},"_coverageSchema":"1a1c01bbd47fc00a2c39e90264f33305004495a9","hash":"36d09e8b3ae0c23154169fdb128c36ee7be6ea17"}
,"/Users/nasiimamohamed/auguste/coursework/week_6/server-lap2/server-momentum/models/auth.js": {"path":"/Users/nasiimamohamed/auguste/coursework/week_6/server-lap2/server-momentum/models/auth.js","statementMap":{"0":{"start":{"line":1,"column":17},"end":{"line":1,"column":36}},"1":{"start":{"line":4,"column":19},"end":{"line":18,"column":2}},"2":{"start":{"line":19,"column":13},"end":{"line":19,"column":47}},"3":{"start":{"line":20,"column":0},"end":{"line":20,"column":22}}},"fnMap":{},"branchMap":{},"s":{"0":3,"1":3,"2":3,"3":3},"f":{},"b":{},"_coverageSchema":"1a1c01bbd47fc00a2c39e90264f33305004495a9","hash":"baa049a8eff7a709c89943127861c7f320ecb084"}
,"/Users/nasiimamohamed/auguste/coursework/week_6/server-lap2/server-momentum/models/habits.js": {"path":"/Users/nasiimamohamed/auguste/coursework/week_6/server-lap2/server-momentum/models/habits.js","statementMap":{"0":{"start":{"line":1,"column":17},"end":{"line":1,"column":36}},"1":{"start":{"line":7,"column":22},"end":{"line":11,"column":1}},"2":{"start":{"line":8,"column":19},"end":{"line":8,"column":29}},"3":{"start":{"line":9,"column":2},"end":{"line":9,"column":61}},"4":{"start":{"line":10,"column":2},"end":{"line":10,"column":20}},"5":{"start":{"line":14,"column":20},"end":{"line":61,"column":2}},"6":{"start":{"line":63,"column":15},"end":{"line":63,"column":51}},"7":{"start":{"line":65,"column":0},"end":{"line":65,"column":24}}},"fnMap":{"0":{"name":"(anonymous_0)","decl":{"start":{"line":7,"column":22},"end":{"line":7,"column":23}},"loc":{"start":{"line":7,"column":32},"end":{"line":11,"column":1}},"line":7}},"branchMap":{},"s":{"0":4,"1":4,"2":0,"3":0,"4":0,"5":4,"6":4,"7":4},"f":{"0":0},"b":{},"_coverageSchema":"1a1c01bbd47fc00a2c39e90264f33305004495a9","hash":"79f4b8fb93d113a092dc06f52ee143ccd6915eba"}
,"/Users/nasiimamohamed/auguste/coursework/week_6/server-lap2/server-momentum/routes/auth.js": {"path":"/Users/nasiimamohamed/auguste/coursework/week_6/server-lap2/server-momentum/routes/auth.js","statementMap":{"0":{"start":{"line":1,"column":16},"end":{"line":1,"column":34}},"1":{"start":{"line":3,"column":15},"end":{"line":3,"column":31}},"2":{"start":{"line":5,"column":41},"end":{"line":5,"column":71}},"3":{"start":{"line":7,"column":0},"end":{"line":7,"column":60}},"4":{"start":{"line":7,"column":39},"end":{"line":7,"column":56}},"5":{"start":{"line":8,"column":0},"end":{"line":8,"column":29}},"6":{"start":{"line":9,"column":0},"end":{"line":9,"column":29}},"7":{"start":{"line":11,"column":0},"end":{"line":11,"column":24}}},"fnMap":{"0":{"name":"(anonymous_0)","decl":{"start":{"line":7,"column":25},"end":{"line":7,"column":26}},"loc":{"start":{"line":7,"column":38},"end":{"line":7,"column":57}},"line":7}},"branchMap":{},"s":{"0":3,"1":3,"2":3,"3":3,"4":0,"5":3,"6":3,"7":3},"f":{"0":0},"b":{},"_coverageSchema":"1a1c01bbd47fc00a2c39e90264f33305004495a9","hash":"5c3b8d686ed0b7efe5558493d8cc1f23f276fae1"}
,"/Users/nasiimamohamed/auguste/coursework/week_6/server-lap2/server-momentum/routes/habits.js": {"path":"/Users/nasiimamohamed/auguste/coursework/week_6/server-lap2/server-momentum/routes/habits.js","statementMap":{"0":{"start":{"line":1,"column":16},"end":{"line":1,"column":34}},"1":{"start":{"line":2,"column":15},"end":{"line":2,"column":31}},"2":{"start":{"line":11,"column":4},"end":{"line":11,"column":36}},"3":{"start":{"line":13,"column":0},"end":{"line":17,"column":21}},"4":{"start":{"line":19,"column":0},"end":{"line":24,"column":23}},"5":{"start":{"line":26,"column":0},"end":{"line":26,"column":24}}},"fnMap":{},"branchMap":{},"s":{"0":3,"1":3,"2":3,"3":3,"4":3,"5":3},"f":{},"b":{},"_coverageSchema":"1a1c01bbd47fc00a2c39e90264f33305004495a9","hash":"fd92528252d3b2f4f684c75218f6ecaaa476bbd4"}
,"/Users/nasiimamohamed/auguste/coursework/week_6/server-lap2/server-momentum/test/config.js": {"path":"/Users/nasiimamohamed/auguste/coursework/week_6/server-lap2/server-momentum/test/config.js","statementMap":{"0":{"start":{"line":3,"column":17},"end":{"line":3,"column":36}},"1":{"start":{"line":4,"column":30},"end":{"line":4,"column":62}},"2":{"start":{"line":9,"column":13},"end":{"line":12,"column":1}},"3":{"start":{"line":15,"column":16},"end":{"line":27,"column":1}},"4":{"start":{"line":17,"column":2},"end":{"line":17,"column":30}},"5":{"start":{"line":19,"column":2},"end":{"line":19,"column":49}},"6":{"start":{"line":20,"column":0},"end":{"line":20,"column":24}},"7":{"start":{"line":21,"column":19},"end":{"line":21,"column":45}},"8":{"start":{"line":22,"column":2},"end":{"line":26,"column":5}},"9":{"start":{"line":23,"column":4},"end":{"line":25,"column":5}},"10":{"start":{"line":24,"column":6},"end":{"line":24,"column":25}},"11":{"start":{"line":30,"column":14},"end":{"line":33,"column":1}},"12":{"start":{"line":31,"column":2},"end":{"line":31,"column":30}},"13":{"start":{"line":32,"column":2},"end":{"line":32,"column":27}},"14":{"start":{"line":36,"column":14},"end":{"line":42,"column":1}},"15":{"start":{"line":37,"column":22},"end":{"line":37,"column":53}},"16":{"start":{"line":39,"column":2},"end":{"line":41,"column":3}},"17":{"start":{"line":40,"column":3},"end":{"line":40,"column":39}},"18":{"start":{"line":43,"column":0},"end":{"line":43,"column":22}},"19":{"start":{"line":44,"column":0},"end":{"line":48,"column":2}}},"fnMap":{"0":{"name":"(anonymous_0)","decl":{"start":{"line":15,"column":16},"end":{"line":15,"column":17}},"loc":{"start":{"line":15,"column":28},"end":{"line":27,"column":1}},"line":15},"1":{"name":"(anonymous_1)","decl":{"start":{"line":22,"column":41},"end":{"line":22,"column":42}},"loc":{"start":{"line":22,"column":48},"end":{"line":26,"column":3}},"line":22},"2":{"name":"(anonymous_2)","decl":{"start":{"line":30,"column":14},"end":{"line":30,"column":15}},"loc":{"start":{"line":30,"column":26},"end":{"line":33,"column":1}},"line":30},"3":{"name":"(anonymous_3)","decl":{"start":{"line":36,"column":14},"end":{"line":36,"column":15}},"loc":{"start":{"line":36,"column":26},"end":{"line":42,"column":1}},"line":36}},"branchMap":{"0":{"loc":{"start":{"line":23,"column":4},"end":{"line":25,"column":5}},"type":"if","locations":[{"start":{"line":23,"column":4},"end":{"line":25,"column":5}},{"start":{},"end":{}}],"line":23}},"s":{"0":2,"1":2,"2":2,"3":2,"4":3,"5":2,"6":1,"7":1,"8":1,"9":0,"10":0,"11":2,"12":0,"13":0,"14":2,"15":0,"16":0,"17":0,"18":2,"19":2},"f":{"0":3,"1":0,"2":0,"3":0},"b":{"0":[0,0]},"_coverageSchema":"1a1c01bbd47fc00a2c39e90264f33305004495a9","hash":"fc59bbe07b38deccc014880f67459d7534a7c439"}
}
