TN:
SF:server.js
FN:13,(anonymous_0)
FN:29,(anonymous_1)
FN:35,(anonymous_2)
FN:38,(anonymous_3)
FNF:4
FNH:0
FNDA:0,(anonymous_0)
FNDA:0,(anonymous_1)
FNDA:0,(anonymous_2)
FNDA:0,(anonymous_3)
DA:1,3
DA:2,3
DA:3,3
DA:4,3
DA:5,3
DA:7,3
DA:8,3
DA:11,3
DA:13,3
DA:18,3
DA:21,3
DA:24,3
DA:25,3
DA:26,3
DA:27,3
DA:29,3
DA:30,0
DA:31,0
DA:35,3
DA:36,0
DA:38,0
DA:42,3
LF:22
LH:18
BRDA:29,0,0,0
BRDA:29,0,1,3
BRDA:29,1,0,0
BRDA:29,1,1,0
BRF:4
BRH:1
end_of_record
TN:
SF:config/db.js
FN:3,(anonymous_0)
FNF:1
FNH:1
FNDA:3,(anonymous_0)
DA:1,3
DA:3,3
DA:4,3
DA:11,0
DA:14,3
LF:5
LH:4
BRF:0
BRH:0
end_of_record
TN:
SF:controllers/auth.js
FN:5,deleteAll
FN:14,register
FN:38,login
FN:57,userCreator
FN:64,habitCreator
FN:112,getAllUsers
FNF:6
FNH:0
FNDA:0,deleteAll
FNDA:0,register
FNDA:0,login
FNDA:0,userCreator
FNDA:0,habitCreator
FNDA:0,getAllUsers
DA:1,3
DA:2,3
DA:3,3
DA:6,0
DA:7,0
DA:15,0
DA:16,0
DA:23,0
DA:24,0
DA:25,0
DA:26,0
DA:27,0
DA:29,0
DA:31,0
DA:34,0
DA:39,0
DA:41,0
DA:42,0
DA:43,0
DA:45,0
DA:47,0
DA:48,0
DA:50,0
DA:53,0
DA:58,0
DA:65,0
DA:113,0
DA:114,0
DA:117,3
LF:29
LH:4
BRDA:23,0,0,0
BRDA:23,0,1,0
BRDA:42,1,0,0
BRDA:42,1,1,0
BRDA:47,2,0,0
BRDA:47,2,1,0
BRF:6
BRH:0
end_of_record
TN:
SF:controllers/habits.js
FN:6,(anonymous_0)
FN:19,(anonymous_1)
FN:33,(anonymous_2)
FN:61,(anonymous_3)
FN:80,(anonymous_4)
FNF:5
FNH:0
FNDA:0,(anonymous_0)
FNDA:0,(anonymous_1)
FNDA:0,(anonymous_2)
FNDA:0,(anonymous_3)
FNDA:0,(anonymous_4)
DA:1,4
DA:6,4
DA:7,0
DA:8,0
DA:10,0
DA:12,0
DA:19,4
DA:20,0
DA:21,0
DA:23,0
DA:27,0
DA:33,4
DA:34,0
DA:36,0
DA:37,0
DA:38,0
DA:40,0
DA:42,0
DA:46,0
DA:47,0
DA:48,0
DA:49,0
DA:54,0
DA:57,0
DA:61,4
DA:62,0
DA:63,0
DA:64,0
DA:65,0
DA:66,0
DA:67,0
DA:72,0
DA:74,0
DA:80,4
DA:81,0
DA:82,0
DA:83,0
DA:84,0
DA:86,0
DA:88,0
LF:40
LH:6
BRDA:36,0,0,0
BRDA:36,0,1,0
BRDA:46,1,0,0
BRDA:46,1,1,0
BRDA:83,2,0,0
BRDA:83,2,1,0
BRF:6
BRH:0
end_of_record
TN:
SF:models/auth.js
FNF:0
FNH:0
DA:1,3
DA:4,3
DA:19,3
DA:20,3
LF:4
LH:4
BRF:0
BRH:0
end_of_record
TN:
SF:models/habits.js
FN:7,(anonymous_0)
FNF:1
FNH:0
FNDA:0,(anonymous_0)
DA:1,4
DA:7,4
DA:8,0
DA:9,0
DA:10,0
DA:14,4
DA:63,4
DA:65,4
LF:8
LH:5
BRF:0
BRH:0
end_of_record
TN:
SF:routes/auth.js
FN:7,(anonymous_0)
FNF:1
FNH:0
FNDA:0,(anonymous_0)
DA:1,3
DA:3,3
DA:5,3
DA:7,3
DA:8,3
DA:9,3
DA:11,3
LF:7
LH:7
BRF:0
BRH:0
end_of_record
TN:
SF:routes/habits.js
FNF:0
FNH:0
DA:1,3
DA:2,3
DA:11,3
DA:13,3
DA:19,3
DA:26,3
LF:6
LH:6
BRF:0
BRH:0
end_of_record
TN:
SF:test/config.js
FN:15,(anonymous_0)
FN:22,(anonymous_1)
FN:30,(anonymous_2)
FN:36,(anonymous_3)
FNF:4
FNH:1
FNDA:3,(anonymous_0)
FNDA:0,(anonymous_1)
FNDA:0,(anonymous_2)
FNDA:0,(anonymous_3)
DA:3,2
DA:4,2
DA:9,2
DA:15,2
DA:17,3
DA:19,2
DA:20,1
DA:21,1
DA:22,1
DA:23,0
DA:24,0
DA:30,2
DA:31,0
DA:32,0
DA:36,2
DA:37,0
DA:39,0
DA:40,0
DA:43,2
DA:44,2
LF:20
LH:13
BRDA:23,0,0,0
BRDA:23,0,1,0
BRF:2
BRH:0
end_of_record
